0 info it worked if it ends with ok
1 verbose cli [ '/usr/bin/node', '/usr/bin/npm', 'install' ]
2 info using npm@2.15.5
3 info using node@v4.4.5
4 verbose readDependencies loading dependencies from /run/media/joao/Dados/Tramps/syslunch/package.json
5 error install Couldn't read dependencies
6 verbose stack Error: ENOENT: no such file or directory, open '/run/media/joao/Dados/Tramps/syslunch/package.json'
6 verbose stack     at Error (native)
7 verbose cwd /run/media/joao/Dados/Tramps/syslunch
8 error Linux 4.1.27-27-default
9 error argv "/usr/bin/node" "/usr/bin/npm" "install"
10 error node v4.4.5
11 error npm  v2.15.5
12 error path /run/media/joao/Dados/Tramps/syslunch/package.json
13 error code ENOPACKAGEJSON
14 error errno -2
15 error syscall open
16 error package.json ENOENT: no such file or directory, open '/run/media/joao/Dados/Tramps/syslunch/package.json'
16 error package.json This is most likely not a problem with npm itself.
16 error package.json npm can't find a package.json file in your current directory.
17 verbose exit [ -2, true ]
